

Processing FlotomaticController#graph_test (for 127.0.0.1 at 2009-12-05 08:50:14) [GET]

ActionController::UnknownAction (No action responded to graph_test. Actions: graph_types):
  /System/Library/Frameworks/Ruby.framework/Versions/1.8/usr/lib/ruby/1.8/webrick/httpserver.rb:104:in `service'
  /System/Library/Frameworks/Ruby.framework/Versions/1.8/usr/lib/ruby/1.8/webrick/httpserver.rb:65:in `run'
  /System/Library/Frameworks/Ruby.framework/Versions/1.8/usr/lib/ruby/1.8/webrick/server.rb:173:in `start_thread'
  /System/Library/Frameworks/Ruby.framework/Versions/1.8/usr/lib/ruby/1.8/webrick/server.rb:162:in `start'
  /System/Library/Frameworks/Ruby.framework/Versions/1.8/usr/lib/ruby/1.8/webrick/server.rb:162:in `start_thread'
  /System/Library/Frameworks/Ruby.framework/Versions/1.8/usr/lib/ruby/1.8/webrick/server.rb:95:in `start'
  /System/Library/Frameworks/Ruby.framework/Versions/1.8/usr/lib/ruby/1.8/webrick/server.rb:92:in `each'
  /System/Library/Frameworks/Ruby.framework/Versions/1.8/usr/lib/ruby/1.8/webrick/server.rb:92:in `start'
  /System/Library/Frameworks/Ruby.framework/Versions/1.8/usr/lib/ruby/1.8/webrick/server.rb:23:in `start'
  /System/Library/Frameworks/Ruby.framework/Versions/1.8/usr/lib/ruby/1.8/webrick/server.rb:82:in `start'

Rendering rescues/layout (not_found)


Processing FlotomaticController#graph_types (for 127.0.0.1 at 2009-12-05 08:50:22) [GET]

NoMethodError (undefined method `map' for 14:Fixnum):
  app/controllers/flotomatic_controller.rb:4:in `graph_types'
  app/controllers/flotomatic_controller.rb:3:in `new'
  app/controllers/flotomatic_controller.rb:3:in `graph_types'
  /System/Library/Frameworks/Ruby.framework/Versions/1.8/usr/lib/ruby/1.8/webrick/httpserver.rb:104:in `service'
  /System/Library/Frameworks/Ruby.framework/Versions/1.8/usr/lib/ruby/1.8/webrick/httpserver.rb:65:in `run'
  /System/Library/Frameworks/Ruby.framework/Versions/1.8/usr/lib/ruby/1.8/webrick/server.rb:173:in `start_thread'
  /System/Library/Frameworks/Ruby.framework/Versions/1.8/usr/lib/ruby/1.8/webrick/server.rb:162:in `start'
  /System/Library/Frameworks/Ruby.framework/Versions/1.8/usr/lib/ruby/1.8/webrick/server.rb:162:in `start_thread'
  /System/Library/Frameworks/Ruby.framework/Versions/1.8/usr/lib/ruby/1.8/webrick/server.rb:95:in `start'
  /System/Library/Frameworks/Ruby.framework/Versions/1.8/usr/lib/ruby/1.8/webrick/server.rb:92:in `each'
  /System/Library/Frameworks/Ruby.framework/Versions/1.8/usr/lib/ruby/1.8/webrick/server.rb:92:in `start'
  /System/Library/Frameworks/Ruby.framework/Versions/1.8/usr/lib/ruby/1.8/webrick/server.rb:23:in `start'
  /System/Library/Frameworks/Ruby.framework/Versions/1.8/usr/lib/ruby/1.8/webrick/server.rb:82:in `start'

Rendered rescues/_trace (102.6ms)
Rendered rescues/_request_and_response (1.1ms)
Rendering rescues/layout (internal_server_error)


Processing FlotomaticController#graph_types (for 127.0.0.1 at 2009-12-05 08:50:42) [GET]

ActionView::MissingTemplate (Missing template flotomatic/graph_types.erb in view path app/views):
  /System/Library/Frameworks/Ruby.framework/Versions/1.8/usr/lib/ruby/1.8/webrick/httpserver.rb:104:in `service'
  /System/Library/Frameworks/Ruby.framework/Versions/1.8/usr/lib/ruby/1.8/webrick/httpserver.rb:65:in `run'
  /System/Library/Frameworks/Ruby.framework/Versions/1.8/usr/lib/ruby/1.8/webrick/server.rb:173:in `start_thread'
  /System/Library/Frameworks/Ruby.framework/Versions/1.8/usr/lib/ruby/1.8/webrick/server.rb:162:in `start'
  /System/Library/Frameworks/Ruby.framework/Versions/1.8/usr/lib/ruby/1.8/webrick/server.rb:162:in `start_thread'
  /System/Library/Frameworks/Ruby.framework/Versions/1.8/usr/lib/ruby/1.8/webrick/server.rb:95:in `start'
  /System/Library/Frameworks/Ruby.framework/Versions/1.8/usr/lib/ruby/1.8/webrick/server.rb:92:in `each'
  /System/Library/Frameworks/Ruby.framework/Versions/1.8/usr/lib/ruby/1.8/webrick/server.rb:92:in `start'
  /System/Library/Frameworks/Ruby.framework/Versions/1.8/usr/lib/ruby/1.8/webrick/server.rb:23:in `start'
  /System/Library/Frameworks/Ruby.framework/Versions/1.8/usr/lib/ruby/1.8/webrick/server.rb:82:in `start'

Rendering rescues/layout (internal_server_error)


Processing FlotomaticController#graph_types (for 127.0.0.1 at 2009-12-05 08:50:58) [GET]
Rendering flotomatic/graph_types
DEPRECATION WARNING: The binding argument of #concat is no longer needed.  Please remove it from your views and helpers.. (called from flot_graph at /Users/mcowden/Development/flotomatic/examples/vendor/plugins/flotomatic/lib/flot_helper.rb:114)
Completed in 25ms (View: 8, DB: 0) | 200 OK [http://localhost/flotomatic/graph_types]


Processing ApplicationController#index (for 127.0.0.1 at 2009-12-05 08:50:58) [GET]

ActionController::RoutingError (No route matches "/javascripts/jquery.flot.min.js" with {:method=>:get}):
  /System/Library/Frameworks/Ruby.framework/Versions/1.8/usr/lib/ruby/1.8/webrick/httpserver.rb:104:in `service'
  /System/Library/Frameworks/Ruby.framework/Versions/1.8/usr/lib/ruby/1.8/webrick/httpserver.rb:65:in `run'
  /System/Library/Frameworks/Ruby.framework/Versions/1.8/usr/lib/ruby/1.8/webrick/server.rb:173:in `start_thread'
  /System/Library/Frameworks/Ruby.framework/Versions/1.8/usr/lib/ruby/1.8/webrick/server.rb:162:in `start'
  /System/Library/Frameworks/Ruby.framework/Versions/1.8/usr/lib/ruby/1.8/webrick/server.rb:162:in `start_thread'
  /System/Library/Frameworks/Ruby.framework/Versions/1.8/usr/lib/ruby/1.8/webrick/server.rb:95:in `start'
  /System/Library/Frameworks/Ruby.framework/Versions/1.8/usr/lib/ruby/1.8/webrick/server.rb:92:in `each'
  /System/Library/Frameworks/Ruby.framework/Versions/1.8/usr/lib/ruby/1.8/webrick/server.rb:92:in `start'
  /System/Library/Frameworks/Ruby.framework/Versions/1.8/usr/lib/ruby/1.8/webrick/server.rb:23:in `start'
  /System/Library/Frameworks/Ruby.framework/Versions/1.8/usr/lib/ruby/1.8/webrick/server.rb:82:in `start'

Rendering rescues/layout (not_found)


Processing ApplicationController#index (for 127.0.0.1 at 2009-12-05 08:50:58) [GET]

ActionController::RoutingError (No route matches "/javascripts/flotomatic.js" with {:method=>:get}):
  /System/Library/Frameworks/Ruby.framework/Versions/1.8/usr/lib/ruby/1.8/webrick/httpserver.rb:104:in `service'
  /System/Library/Frameworks/Ruby.framework/Versions/1.8/usr/lib/ruby/1.8/webrick/httpserver.rb:65:in `run'
  /System/Library/Frameworks/Ruby.framework/Versions/1.8/usr/lib/ruby/1.8/webrick/server.rb:173:in `start_thread'
  /System/Library/Frameworks/Ruby.framework/Versions/1.8/usr/lib/ruby/1.8/webrick/server.rb:162:in `start'
  /System/Library/Frameworks/Ruby.framework/Versions/1.8/usr/lib/ruby/1.8/webrick/server.rb:162:in `start_thread'
  /System/Library/Frameworks/Ruby.framework/Versions/1.8/usr/lib/ruby/1.8/webrick/server.rb:95:in `start'
  /System/Library/Frameworks/Ruby.framework/Versions/1.8/usr/lib/ruby/1.8/webrick/server.rb:92:in `each'
  /System/Library/Frameworks/Ruby.framework/Versions/1.8/usr/lib/ruby/1.8/webrick/server.rb:92:in `start'
  /System/Library/Frameworks/Ruby.framework/Versions/1.8/usr/lib/ruby/1.8/webrick/server.rb:23:in `start'
  /System/Library/Frameworks/Ruby.framework/Versions/1.8/usr/lib/ruby/1.8/webrick/server.rb:82:in `start'

Rendering rescues/layout (not_found)


Processing ApplicationController#index (for 127.0.0.1 at 2009-12-05 08:50:58) [GET]

ActionController::RoutingError (No route matches "/javascripts/jquery.flot.min.js" with {:method=>:get}):
  /System/Library/Frameworks/Ruby.framework/Versions/1.8/usr/lib/ruby/1.8/webrick/httpserver.rb:104:in `service'
  /System/Library/Frameworks/Ruby.framework/Versions/1.8/usr/lib/ruby/1.8/webrick/httpserver.rb:65:in `run'
  /System/Library/Frameworks/Ruby.framework/Versions/1.8/usr/lib/ruby/1.8/webrick/server.rb:173:in `start_thread'
  /System/Library/Frameworks/Ruby.framework/Versions/1.8/usr/lib/ruby/1.8/webrick/server.rb:162:in `start'
  /System/Library/Frameworks/Ruby.framework/Versions/1.8/usr/lib/ruby/1.8/webrick/server.rb:162:in `start_thread'
  /System/Library/Frameworks/Ruby.framework/Versions/1.8/usr/lib/ruby/1.8/webrick/server.rb:95:in `start'
  /System/Library/Frameworks/Ruby.framework/Versions/1.8/usr/lib/ruby/1.8/webrick/server.rb:92:in `each'
  /System/Library/Frameworks/Ruby.framework/Versions/1.8/usr/lib/ruby/1.8/webrick/server.rb:92:in `start'
  /System/Library/Frameworks/Ruby.framework/Versions/1.8/usr/lib/ruby/1.8/webrick/server.rb:23:in `start'
  /System/Library/Frameworks/Ruby.framework/Versions/1.8/usr/lib/ruby/1.8/webrick/server.rb:82:in `start'

Rendering rescues/layout (not_found)


Processing ApplicationController#index (for 127.0.0.1 at 2009-12-05 08:50:59) [GET]

ActionController::RoutingError (No route matches "/javascripts/flotomatic.js" with {:method=>:get}):
  /System/Library/Frameworks/Ruby.framework/Versions/1.8/usr/lib/ruby/1.8/webrick/httpserver.rb:104:in `service'
  /System/Library/Frameworks/Ruby.framework/Versions/1.8/usr/lib/ruby/1.8/webrick/httpserver.rb:65:in `run'
  /System/Library/Frameworks/Ruby.framework/Versions/1.8/usr/lib/ruby/1.8/webrick/server.rb:173:in `start_thread'
  /System/Library/Frameworks/Ruby.framework/Versions/1.8/usr/lib/ruby/1.8/webrick/server.rb:162:in `start'
  /System/Library/Frameworks/Ruby.framework/Versions/1.8/usr/lib/ruby/1.8/webrick/server.rb:162:in `start_thread'
  /System/Library/Frameworks/Ruby.framework/Versions/1.8/usr/lib/ruby/1.8/webrick/server.rb:95:in `start'
  /System/Library/Frameworks/Ruby.framework/Versions/1.8/usr/lib/ruby/1.8/webrick/server.rb:92:in `each'
  /System/Library/Frameworks/Ruby.framework/Versions/1.8/usr/lib/ruby/1.8/webrick/server.rb:92:in `start'
  /System/Library/Frameworks/Ruby.framework/Versions/1.8/usr/lib/ruby/1.8/webrick/server.rb:23:in `start'
  /System/Library/Frameworks/Ruby.framework/Versions/1.8/usr/lib/ruby/1.8/webrick/server.rb:82:in `start'

Rendering rescues/layout (not_found)


Processing FlotomaticController#graph_types (for 127.0.0.1 at 2009-12-05 08:51:06) [GET]
Rendering flotomatic/graph_types
DEPRECATION WARNING: The binding argument of #concat is no longer needed.  Please remove it from your views and helpers.. (called from flot_graph at /Users/mcowden/Development/flotomatic/examples/vendor/plugins/flotomatic/lib/flot_helper.rb:114)
Completed in 5ms (View: 3, DB: 0) | 200 OK [http://localhost/flotomatic/graph_types]


Processing ApplicationController#index (for 127.0.0.1 at 2009-12-05 08:51:07) [GET]

ActionController::RoutingError (No route matches "/javascripts/jquery.flot.min.js" with {:method=>:get}):
  /System/Library/Frameworks/Ruby.framework/Versions/1.8/usr/lib/ruby/1.8/webrick/httpserver.rb:104:in `service'
  /System/Library/Frameworks/Ruby.framework/Versions/1.8/usr/lib/ruby/1.8/webrick/httpserver.rb:65:in `run'
  /System/Library/Frameworks/Ruby.framework/Versions/1.8/usr/lib/ruby/1.8/webrick/server.rb:173:in `start_thread'
  /System/Library/Frameworks/Ruby.framework/Versions/1.8/usr/lib/ruby/1.8/webrick/server.rb:162:in `start'
  /System/Library/Frameworks/Ruby.framework/Versions/1.8/usr/lib/ruby/1.8/webrick/server.rb:162:in `start_thread'
  /System/Library/Frameworks/Ruby.framework/Versions/1.8/usr/lib/ruby/1.8/webrick/server.rb:95:in `start'
  /System/Library/Frameworks/Ruby.framework/Versions/1.8/usr/lib/ruby/1.8/webrick/server.rb:92:in `each'
  /System/Library/Frameworks/Ruby.framework/Versions/1.8/usr/lib/ruby/1.8/webrick/server.rb:92:in `start'
  /System/Library/Frameworks/Ruby.framework/Versions/1.8/usr/lib/ruby/1.8/webrick/server.rb:23:in `start'
  /System/Library/Frameworks/Ruby.framework/Versions/1.8/usr/lib/ruby/1.8/webrick/server.rb:82:in `start'

Rendering rescues/layout (not_found)


Processing ApplicationController#index (for 127.0.0.1 at 2009-12-05 08:51:07) [GET]

ActionController::RoutingError (No route matches "/javascripts/flotomatic.js" with {:method=>:get}):
  /System/Library/Frameworks/Ruby.framework/Versions/1.8/usr/lib/ruby/1.8/webrick/httpserver.rb:104:in `service'
  /System/Library/Frameworks/Ruby.framework/Versions/1.8/usr/lib/ruby/1.8/webrick/httpserver.rb:65:in `run'
  /System/Library/Frameworks/Ruby.framework/Versions/1.8/usr/lib/ruby/1.8/webrick/server.rb:173:in `start_thread'
  /System/Library/Frameworks/Ruby.framework/Versions/1.8/usr/lib/ruby/1.8/webrick/server.rb:162:in `start'
  /System/Library/Frameworks/Ruby.framework/Versions/1.8/usr/lib/ruby/1.8/webrick/server.rb:162:in `start_thread'
  /System/Library/Frameworks/Ruby.framework/Versions/1.8/usr/lib/ruby/1.8/webrick/server.rb:95:in `start'
  /System/Library/Frameworks/Ruby.framework/Versions/1.8/usr/lib/ruby/1.8/webrick/server.rb:92:in `each'
  /System/Library/Frameworks/Ruby.framework/Versions/1.8/usr/lib/ruby/1.8/webrick/server.rb:92:in `start'
  /System/Library/Frameworks/Ruby.framework/Versions/1.8/usr/lib/ruby/1.8/webrick/server.rb:23:in `start'
  /System/Library/Frameworks/Ruby.framework/Versions/1.8/usr/lib/ruby/1.8/webrick/server.rb:82:in `start'

Rendering rescues/layout (not_found)


Processing ApplicationController#index (for 127.0.0.1 at 2009-12-05 08:51:07) [GET]

ActionController::RoutingError (No route matches "/javascripts/jquery.flot.min.js" with {:method=>:get}):
  /System/Library/Frameworks/Ruby.framework/Versions/1.8/usr/lib/ruby/1.8/webrick/httpserver.rb:104:in `service'
  /System/Library/Frameworks/Ruby.framework/Versions/1.8/usr/lib/ruby/1.8/webrick/httpserver.rb:65:in `run'
  /System/Library/Frameworks/Ruby.framework/Versions/1.8/usr/lib/ruby/1.8/webrick/server.rb:173:in `start_thread'
  /System/Library/Frameworks/Ruby.framework/Versions/1.8/usr/lib/ruby/1.8/webrick/server.rb:162:in `start'
  /System/Library/Frameworks/Ruby.framework/Versions/1.8/usr/lib/ruby/1.8/webrick/server.rb:162:in `start_thread'
  /System/Library/Frameworks/Ruby.framework/Versions/1.8/usr/lib/ruby/1.8/webrick/server.rb:95:in `start'
  /System/Library/Frameworks/Ruby.framework/Versions/1.8/usr/lib/ruby/1.8/webrick/server.rb:92:in `each'
  /System/Library/Frameworks/Ruby.framework/Versions/1.8/usr/lib/ruby/1.8/webrick/server.rb:92:in `start'
  /System/Library/Frameworks/Ruby.framework/Versions/1.8/usr/lib/ruby/1.8/webrick/server.rb:23:in `start'
  /System/Library/Frameworks/Ruby.framework/Versions/1.8/usr/lib/ruby/1.8/webrick/server.rb:82:in `start'

Rendering rescues/layout (not_found)


Processing ApplicationController#index (for 127.0.0.1 at 2009-12-05 08:51:07) [GET]

ActionController::RoutingError (No route matches "/javascripts/flotomatic.js" with {:method=>:get}):
  /System/Library/Frameworks/Ruby.framework/Versions/1.8/usr/lib/ruby/1.8/webrick/httpserver.rb:104:in `service'
  /System/Library/Frameworks/Ruby.framework/Versions/1.8/usr/lib/ruby/1.8/webrick/httpserver.rb:65:in `run'
  /System/Library/Frameworks/Ruby.framework/Versions/1.8/usr/lib/ruby/1.8/webrick/server.rb:173:in `start_thread'
  /System/Library/Frameworks/Ruby.framework/Versions/1.8/usr/lib/ruby/1.8/webrick/server.rb:162:in `start'
  /System/Library/Frameworks/Ruby.framework/Versions/1.8/usr/lib/ruby/1.8/webrick/server.rb:162:in `start_thread'
  /System/Library/Frameworks/Ruby.framework/Versions/1.8/usr/lib/ruby/1.8/webrick/server.rb:95:in `start'
  /System/Library/Frameworks/Ruby.framework/Versions/1.8/usr/lib/ruby/1.8/webrick/server.rb:92:in `each'
  /System/Library/Frameworks/Ruby.framework/Versions/1.8/usr/lib/ruby/1.8/webrick/server.rb:92:in `start'
  /System/Library/Frameworks/Ruby.framework/Versions/1.8/usr/lib/ruby/1.8/webrick/server.rb:23:in `start'
  /System/Library/Frameworks/Ruby.framework/Versions/1.8/usr/lib/ruby/1.8/webrick/server.rb:82:in `start'

Rendering rescues/layout (not_found)


Processing FlotomaticController#graph_types (for 127.0.0.1 at 2009-12-05 08:55:02) [GET]
Rendering flotomatic/graph_types
DEPRECATION WARNING: The binding argument of #concat is no longer needed.  Please remove it from your views and helpers.. (called from flot_graph at /Users/mcowden/Development/flotomatic/examples/vendor/plugins/flotomatic/lib/flot_helper.rb:114)
Completed in 14ms (View: 13, DB: 0) | 200 OK [http://localhost/flotomatic/graph_types]


Processing ApplicationController#index (for 127.0.0.1 at 2009-12-05 08:55:02) [GET]

ActionController::RoutingError (No route matches "/javascripts/jquery.flot.min.js" with {:method=>:get}):
  /System/Library/Frameworks/Ruby.framework/Versions/1.8/usr/lib/ruby/1.8/webrick/httpserver.rb:104:in `service'
  /System/Library/Frameworks/Ruby.framework/Versions/1.8/usr/lib/ruby/1.8/webrick/httpserver.rb:65:in `run'
  /System/Library/Frameworks/Ruby.framework/Versions/1.8/usr/lib/ruby/1.8/webrick/server.rb:173:in `start_thread'
  /System/Library/Frameworks/Ruby.framework/Versions/1.8/usr/lib/ruby/1.8/webrick/server.rb:162:in `start'
  /System/Library/Frameworks/Ruby.framework/Versions/1.8/usr/lib/ruby/1.8/webrick/server.rb:162:in `start_thread'
  /System/Library/Frameworks/Ruby.framework/Versions/1.8/usr/lib/ruby/1.8/webrick/server.rb:95:in `start'
  /System/Library/Frameworks/Ruby.framework/Versions/1.8/usr/lib/ruby/1.8/webrick/server.rb:92:in `each'
  /System/Library/Frameworks/Ruby.framework/Versions/1.8/usr/lib/ruby/1.8/webrick/server.rb:92:in `start'
  /System/Library/Frameworks/Ruby.framework/Versions/1.8/usr/lib/ruby/1.8/webrick/server.rb:23:in `start'
  /System/Library/Frameworks/Ruby.framework/Versions/1.8/usr/lib/ruby/1.8/webrick/server.rb:82:in `start'

Rendering rescues/layout (not_found)


Processing ApplicationController#index (for 127.0.0.1 at 2009-12-05 08:55:03) [GET]

ActionController::RoutingError (No route matches "/javascripts/flotomatic.js" with {:method=>:get}):
  /System/Library/Frameworks/Ruby.framework/Versions/1.8/usr/lib/ruby/1.8/webrick/httpserver.rb:104:in `service'
  /System/Library/Frameworks/Ruby.framework/Versions/1.8/usr/lib/ruby/1.8/webrick/httpserver.rb:65:in `run'
  /System/Library/Frameworks/Ruby.framework/Versions/1.8/usr/lib/ruby/1.8/webrick/server.rb:173:in `start_thread'
  /System/Library/Frameworks/Ruby.framework/Versions/1.8/usr/lib/ruby/1.8/webrick/server.rb:162:in `start'
  /System/Library/Frameworks/Ruby.framework/Versions/1.8/usr/lib/ruby/1.8/webrick/server.rb:162:in `start_thread'
  /System/Library/Frameworks/Ruby.framework/Versions/1.8/usr/lib/ruby/1.8/webrick/server.rb:95:in `start'
  /System/Library/Frameworks/Ruby.framework/Versions/1.8/usr/lib/ruby/1.8/webrick/server.rb:92:in `each'
  /System/Library/Frameworks/Ruby.framework/Versions/1.8/usr/lib/ruby/1.8/webrick/server.rb:92:in `start'
  /System/Library/Frameworks/Ruby.framework/Versions/1.8/usr/lib/ruby/1.8/webrick/server.rb:23:in `start'
  /System/Library/Frameworks/Ruby.framework/Versions/1.8/usr/lib/ruby/1.8/webrick/server.rb:82:in `start'

Rendering rescues/layout (not_found)


Processing ApplicationController#index (for 127.0.0.1 at 2009-12-05 08:55:03) [GET]

ActionController::RoutingError (No route matches "/javascripts/jquery.flot.min.js" with {:method=>:get}):
  /System/Library/Frameworks/Ruby.framework/Versions/1.8/usr/lib/ruby/1.8/webrick/httpserver.rb:104:in `service'
  /System/Library/Frameworks/Ruby.framework/Versions/1.8/usr/lib/ruby/1.8/webrick/httpserver.rb:65:in `run'
  /System/Library/Frameworks/Ruby.framework/Versions/1.8/usr/lib/ruby/1.8/webrick/server.rb:173:in `start_thread'
  /System/Library/Frameworks/Ruby.framework/Versions/1.8/usr/lib/ruby/1.8/webrick/server.rb:162:in `start'
  /System/Library/Frameworks/Ruby.framework/Versions/1.8/usr/lib/ruby/1.8/webrick/server.rb:162:in `start_thread'
  /System/Library/Frameworks/Ruby.framework/Versions/1.8/usr/lib/ruby/1.8/webrick/server.rb:95:in `start'
  /System/Library/Frameworks/Ruby.framework/Versions/1.8/usr/lib/ruby/1.8/webrick/server.rb:92:in `each'
  /System/Library/Frameworks/Ruby.framework/Versions/1.8/usr/lib/ruby/1.8/webrick/server.rb:92:in `start'
  /System/Library/Frameworks/Ruby.framework/Versions/1.8/usr/lib/ruby/1.8/webrick/server.rb:23:in `start'
  /System/Library/Frameworks/Ruby.framework/Versions/1.8/usr/lib/ruby/1.8/webrick/server.rb:82:in `start'

Rendering rescues/layout (not_found)


Processing ApplicationController#index (for 127.0.0.1 at 2009-12-05 08:55:03) [GET]

ActionController::RoutingError (No route matches "/javascripts/flotomatic.js" with {:method=>:get}):
  /System/Library/Frameworks/Ruby.framework/Versions/1.8/usr/lib/ruby/1.8/webrick/httpserver.rb:104:in `service'
  /System/Library/Frameworks/Ruby.framework/Versions/1.8/usr/lib/ruby/1.8/webrick/httpserver.rb:65:in `run'
  /System/Library/Frameworks/Ruby.framework/Versions/1.8/usr/lib/ruby/1.8/webrick/server.rb:173:in `start_thread'
  /System/Library/Frameworks/Ruby.framework/Versions/1.8/usr/lib/ruby/1.8/webrick/server.rb:162:in `start'
  /System/Library/Frameworks/Ruby.framework/Versions/1.8/usr/lib/ruby/1.8/webrick/server.rb:162:in `start_thread'
  /System/Library/Frameworks/Ruby.framework/Versions/1.8/usr/lib/ruby/1.8/webrick/server.rb:95:in `start'
  /System/Library/Frameworks/Ruby.framework/Versions/1.8/usr/lib/ruby/1.8/webrick/server.rb:92:in `each'
  /System/Library/Frameworks/Ruby.framework/Versions/1.8/usr/lib/ruby/1.8/webrick/server.rb:92:in `start'
  /System/Library/Frameworks/Ruby.framework/Versions/1.8/usr/lib/ruby/1.8/webrick/server.rb:23:in `start'
  /System/Library/Frameworks/Ruby.framework/Versions/1.8/usr/lib/ruby/1.8/webrick/server.rb:82:in `start'

Rendering rescues/layout (not_found)


Processing FlotomaticController#graph_types (for 127.0.0.1 at 2009-12-05 08:56:06) [GET]
Rendering flotomatic/graph_types
DEPRECATION WARNING: The binding argument of #concat is no longer needed.  Please remove it from your views and helpers.. (called from flot_graph at /Users/mcowden/Development/flotomatic/examples/vendor/plugins/flotomatic/lib/flot_helper.rb:114)
Completed in 14ms (View: 13, DB: 0) | 200 OK [http://localhost/flotomatic/graph_types]


Processing FlotomaticController#graph_types (for 127.0.0.1 at 2009-12-05 08:56:18) [GET]
Rendering flotomatic/graph_types
DEPRECATION WARNING: The binding argument of #concat is no longer needed.  Please remove it from your views and helpers.. (called from flot_graph at /Users/mcowden/Development/flotomatic/examples/vendor/plugins/flotomatic/lib/flot_helper.rb:114)
Completed in 11ms (View: 9, DB: 0) | 200 OK [http://localhost/flotomatic/graph_types]


Processing FlotomaticController#graph_types (for 127.0.0.1 at 2009-12-05 08:57:07) [GET]
Rendering flotomatic/graph_types
DEPRECATION WARNING: The binding argument of #concat is no longer needed.  Please remove it from your views and helpers.. (called from flot_graph at /Users/mcowden/Development/flotomatic/examples/vendor/plugins/flotomatic/lib/flot_helper.rb:114)
Completed in 5ms (View: 4, DB: 0) | 200 OK [http://localhost/flotomatic/graph_types]


Processing FlotomaticController#graph_types (for 127.0.0.1 at 2009-12-05 08:58:42) [GET]
Rendering flotomatic/graph_types
DEPRECATION WARNING: The binding argument of #concat is no longer needed.  Please remove it from your views and helpers.. (called from flot_graph at /Users/mcowden/Development/flotomatic/examples/vendor/plugins/flotomatic/lib/flot_helper.rb:114)
Completed in 6ms (View: 5, DB: 0) | 200 OK [http://localhost/flotomatic/graph_types]


Processing FlotomaticController#graph_types (for 127.0.0.1 at 2009-12-05 08:58:55) [GET]
Rendering flotomatic/graph_types
DEPRECATION WARNING: The binding argument of #concat is no longer needed.  Please remove it from your views and helpers.. (called from flot_graph at /Users/mcowden/Development/flotomatic/examples/vendor/plugins/flotomatic/lib/flot_helper.rb:114)
Completed in 8ms (View: 7, DB: 0) | 200 OK [http://localhost/flotomatic/graph_types]


Processing FlotomaticController#graph_types (for 127.0.0.1 at 2009-12-05 08:59:26) [GET]
Rendering flotomatic/graph_types
DEPRECATION WARNING: The binding argument of #concat is no longer needed.  Please remove it from your views and helpers.. (called from flot_graph at /Users/mcowden/Development/flotomatic/examples/vendor/plugins/flotomatic/lib/flot_helper.rb:114)
Completed in 4ms (View: 3, DB: 0) | 200 OK [http://localhost/flotomatic/graph_types]


Processing FlotomaticController#graph_types (for 127.0.0.1 at 2009-12-05 09:00:39) [GET]
Rendering flotomatic/graph_types
DEPRECATION WARNING: The binding argument of #concat is no longer needed.  Please remove it from your views and helpers.. (called from flot_graph at /Users/mcowden/Development/flotomatic/examples/vendor/plugins/flotomatic/lib/flot_helper.rb:114)
Completed in 12ms (View: 9, DB: 0) | 200 OK [http://localhost/flotomatic/graph_types]


Processing FlotomaticController#graph_types (for 127.0.0.1 at 2009-12-05 09:00:45) [GET]
Rendering flotomatic/graph_types
DEPRECATION WARNING: The binding argument of #concat is no longer needed.  Please remove it from your views and helpers.. (called from flot_graph at /Users/mcowden/Development/flotomatic/examples/vendor/plugins/flotomatic/lib/flot_helper.rb:114)
Completed in 8ms (View: 7, DB: 0) | 200 OK [http://localhost/flotomatic/graph_types]


Processing FlotomaticController#options (for 127.0.0.1 at 2009-12-05 09:09:42) [GET]
Rendering flotomatic/options
DEPRECATION WARNING: The binding argument of #concat is no longer needed.  Please remove it from your views and helpers.. (called from flot_graph at /Users/mcowden/Development/flotomatic/examples/vendor/plugins/flotomatic/lib/flot_helper.rb:114)
Completed in 19ms (View: 13, DB: 0) | 200 OK [http://localhost/flotomatic/options]


Processing FlotomaticController#options (for 127.0.0.1 at 2009-12-05 09:09:53) [GET]
Rendering flotomatic/options
DEPRECATION WARNING: The binding argument of #concat is no longer needed.  Please remove it from your views and helpers.. (called from flot_graph at /Users/mcowden/Development/flotomatic/examples/vendor/plugins/flotomatic/lib/flot_helper.rb:114)
Completed in 5ms (View: 4, DB: 0) | 200 OK [http://localhost/flotomatic/options]


Processing FlotomaticController#options (for 127.0.0.1 at 2009-12-05 09:13:08) [GET]
Rendering flotomatic/options
DEPRECATION WARNING: The binding argument of #concat is no longer needed.  Please remove it from your views and helpers.. (called from flot_graph at /Users/mcowden/Development/flotomatic/examples/vendor/plugins/flotomatic/lib/flot_helper.rb:114)
Completed in 99ms (View: 97, DB: 0) | 200 OK [http://localhost/flotomatic/options]


Processing FlotomaticController#options (for 127.0.0.1 at 2009-12-05 09:14:02) [GET]
Rendering flotomatic/options
DEPRECATION WARNING: The binding argument of #concat is no longer needed.  Please remove it from your views and helpers.. (called from flot_graph at /Users/mcowden/Development/flotomatic/examples/vendor/plugins/flotomatic/lib/flot_helper.rb:114)
Completed in 4ms (View: 3, DB: 0) | 200 OK [http://localhost/flotomatic/options]


Processing FlotomaticController#options (for 127.0.0.1 at 2009-12-05 09:14:58) [GET]
Rendering flotomatic/options
DEPRECATION WARNING: The binding argument of #concat is no longer needed.  Please remove it from your views and helpers.. (called from flot_graph at /Users/mcowden/Development/flotomatic/examples/vendor/plugins/flotomatic/lib/flot_helper.rb:114)
Completed in 5ms (View: 3, DB: 0) | 200 OK [http://localhost/flotomatic/options]


Processing FlotomaticController#options (for 127.0.0.1 at 2009-12-05 09:15:04) [GET]

RuntimeError (nil):
  app/controllers/flotomatic_controller.rb:17:in `options'
  app/controllers/flotomatic_controller.rb:12:in `new'
  app/controllers/flotomatic_controller.rb:12:in `options'
  /System/Library/Frameworks/Ruby.framework/Versions/1.8/usr/lib/ruby/1.8/webrick/httpserver.rb:104:in `service'
  /System/Library/Frameworks/Ruby.framework/Versions/1.8/usr/lib/ruby/1.8/webrick/httpserver.rb:65:in `run'
  /System/Library/Frameworks/Ruby.framework/Versions/1.8/usr/lib/ruby/1.8/webrick/server.rb:173:in `start_thread'
  /System/Library/Frameworks/Ruby.framework/Versions/1.8/usr/lib/ruby/1.8/webrick/server.rb:162:in `start'
  /System/Library/Frameworks/Ruby.framework/Versions/1.8/usr/lib/ruby/1.8/webrick/server.rb:162:in `start_thread'
  /System/Library/Frameworks/Ruby.framework/Versions/1.8/usr/lib/ruby/1.8/webrick/server.rb:95:in `start'
  /System/Library/Frameworks/Ruby.framework/Versions/1.8/usr/lib/ruby/1.8/webrick/server.rb:92:in `each'
  /System/Library/Frameworks/Ruby.framework/Versions/1.8/usr/lib/ruby/1.8/webrick/server.rb:92:in `start'
  /System/Library/Frameworks/Ruby.framework/Versions/1.8/usr/lib/ruby/1.8/webrick/server.rb:23:in `start'
  /System/Library/Frameworks/Ruby.framework/Versions/1.8/usr/lib/ruby/1.8/webrick/server.rb:82:in `start'

Rendered rescues/_trace (32.3ms)
Rendered rescues/_request_and_response (1.1ms)
Rendering rescues/layout (internal_server_error)


Processing FlotomaticController#options (for 127.0.0.1 at 2009-12-05 09:15:13) [GET]

RuntimeError (#<Flot:0x1033d98a8 @html_options={:style=>"height: 300px"}, @data=[{:data=>[[1, 1], [2, 2], [3, 3]], :xaxis=>{:ticks=>[[1, "One"], [2, "Two"], [3, "Three"]]}, :grid=>{:background_color=>{:colors=>["#f00", "#00f"]}}, :lines=>{:show=>true}, :points=>{:show=>true}, :label=>"One"}, {:data=>[[1, 2], [2, 4], [3, 6]], :xaxis=>{:ticks=>[[1, "One"], [2, "Two"], [3, "Three"]]}, :grid=>{:background_color=>{:colors=>["#f00", "#00f"]}}, :lines=>{:show=>true}, :points=>{:show=>true}, :label=>"Two"}, {:data=>[[1, 3], [2, 6], [3, 9]], :xaxis=>{:ticks=>[[1, "One"], [2, "Two"], [3, "Three"]]}, :grid=>{:background_color=>{:colors=>["#f00", "#00f"]}}, :lines=>{:show=>true}, :points=>{:show=>true}, :label=>"Three"}], @collection_filter=nil, @options={:xaxis=>{:ticks=>[[1, "One"], [2, "Two"], [3, "Three"]]}, :grid=>{:background_color=>{:colors=>["#f00", "#00f"]}}, :lines=>{:show=>true}, :points=>{:show=>true}}, @placeholder="graph">):
  app/controllers/flotomatic_controller.rb:22:in `options'
  /System/Library/Frameworks/Ruby.framework/Versions/1.8/usr/lib/ruby/1.8/webrick/httpserver.rb:104:in `service'
  /System/Library/Frameworks/Ruby.framework/Versions/1.8/usr/lib/ruby/1.8/webrick/httpserver.rb:65:in `run'
  /System/Library/Frameworks/Ruby.framework/Versions/1.8/usr/lib/ruby/1.8/webrick/server.rb:173:in `start_thread'
  /System/Library/Frameworks/Ruby.framework/Versions/1.8/usr/lib/ruby/1.8/webrick/server.rb:162:in `start'
  /System/Library/Frameworks/Ruby.framework/Versions/1.8/usr/lib/ruby/1.8/webrick/server.rb:162:in `start_thread'
  /System/Library/Frameworks/Ruby.framework/Versions/1.8/usr/lib/ruby/1.8/webrick/server.rb:95:in `start'
  /System/Library/Frameworks/Ruby.framework/Versions/1.8/usr/lib/ruby/1.8/webrick/server.rb:92:in `each'
  /System/Library/Frameworks/Ruby.framework/Versions/1.8/usr/lib/ruby/1.8/webrick/server.rb:92:in `start'
  /System/Library/Frameworks/Ruby.framework/Versions/1.8/usr/lib/ruby/1.8/webrick/server.rb:23:in `start'
  /System/Library/Frameworks/Ruby.framework/Versions/1.8/usr/lib/ruby/1.8/webrick/server.rb:82:in `start'

Rendered rescues/_trace (31.1ms)
Rendered rescues/_request_and_response (0.3ms)
Rendering rescues/layout (internal_server_error)


Processing FlotomaticController#options (for 127.0.0.1 at 2009-12-05 09:20:51) [GET]

RuntimeError (#<Flot:0x1031f1a68 @html_options={:style=>"height: 300px"}, @data=[{:data=>[[1, 1], [2, 2], [3, 3]], :xaxis=>{:ticks=>[[1, "One"], [2, "Two"], [3, "Three"]]}, :grid=>{:background_color=>{:colors=>["#f00", "#00f"]}}, :lines=>{:show=>true}, :points=>{:show=>true}, :label=>"One"}, {:data=>[[1, 2], [2, 4], [3, 6]], :xaxis=>{:ticks=>[[1, "One"], [2, "Two"], [3, "Three"]]}, :grid=>{:background_color=>{:colors=>["#f00", "#00f"]}}, :lines=>{:show=>true}, :points=>{:show=>true}, :label=>"Two"}, {:data=>[[1, 3], [2, 6], [3, 9]], :xaxis=>{:ticks=>[[1, "One"], [2, "Two"], [3, "Three"]]}, :grid=>{:background_color=>{:colors=>["#f00", "#00f"]}}, :lines=>{:show=>true}, :points=>{:show=>true}, :label=>"Three"}], @collection_filter=nil, @options={:xaxis=>{:ticks=>[[1, "One"], [2, "Two"], [3, "Three"]]}, :grid=>{:background_color=>{:colors=>["#f00", "#00f"]}}, :lines=>{:show=>true}, :points=>{:show=>true}}, @placeholder="graph">):
  app/controllers/flotomatic_controller.rb:22:in `options'
  /System/Library/Frameworks/Ruby.framework/Versions/1.8/usr/lib/ruby/1.8/webrick/httpserver.rb:104:in `service'
  /System/Library/Frameworks/Ruby.framework/Versions/1.8/usr/lib/ruby/1.8/webrick/httpserver.rb:65:in `run'
  /System/Library/Frameworks/Ruby.framework/Versions/1.8/usr/lib/ruby/1.8/webrick/server.rb:173:in `start_thread'
  /System/Library/Frameworks/Ruby.framework/Versions/1.8/usr/lib/ruby/1.8/webrick/server.rb:162:in `start'
  /System/Library/Frameworks/Ruby.framework/Versions/1.8/usr/lib/ruby/1.8/webrick/server.rb:162:in `start_thread'
  /System/Library/Frameworks/Ruby.framework/Versions/1.8/usr/lib/ruby/1.8/webrick/server.rb:95:in `start'
  /System/Library/Frameworks/Ruby.framework/Versions/1.8/usr/lib/ruby/1.8/webrick/server.rb:92:in `each'
  /System/Library/Frameworks/Ruby.framework/Versions/1.8/usr/lib/ruby/1.8/webrick/server.rb:92:in `start'
  /System/Library/Frameworks/Ruby.framework/Versions/1.8/usr/lib/ruby/1.8/webrick/server.rb:23:in `start'
  /System/Library/Frameworks/Ruby.framework/Versions/1.8/usr/lib/ruby/1.8/webrick/server.rb:82:in `start'

Rendered rescues/_trace (128.8ms)
Rendered rescues/_request_and_response (0.3ms)
Rendering rescues/layout (internal_server_error)


Processing FlotomaticController#options (for 127.0.0.1 at 2009-12-05 09:20:59) [GET]
Rendering flotomatic/options
DEPRECATION WARNING: The binding argument of #concat is no longer needed.  Please remove it from your views and helpers.. (called from flot_graph at /Users/mcowden/Development/flotomatic/examples/vendor/plugins/flotomatic/lib/flot_helper.rb:114)
Completed in 5ms (View: 4, DB: 0) | 200 OK [http://localhost/flotomatic/options]


Processing FlotomaticController#options (for 127.0.0.1 at 2009-12-05 09:21:18) [GET]
Rendering flotomatic/options
DEPRECATION WARNING: The binding argument of #concat is no longer needed.  Please remove it from your views and helpers.. (called from flot_graph at /Users/mcowden/Development/flotomatic/examples/vendor/plugins/flotomatic/lib/flot_helper.rb:114)
Completed in 8ms (View: 4, DB: 0) | 200 OK [http://localhost/flotomatic/options]


Processing FlotomaticController#options (for 127.0.0.1 at 2009-12-05 09:26:37) [GET]
Rendering flotomatic/options
DEPRECATION WARNING: The binding argument of #concat is no longer needed.  Please remove it from your views and helpers.. (called from flot_graph at /Users/mcowden/Development/flotomatic/examples/vendor/plugins/flotomatic/lib/flot_helper.rb:114)
Completed in 4ms (View: 3, DB: 0) | 200 OK [http://localhost/flotomatic/options]


Processing FlotomaticController#options (for 127.0.0.1 at 2009-12-05 09:26:41) [GET]
Rendering flotomatic/options
DEPRECATION WARNING: The binding argument of #concat is no longer needed.  Please remove it from your views and helpers.. (called from flot_graph at /Users/mcowden/Development/flotomatic/examples/vendor/plugins/flotomatic/lib/flot_helper.rb:114)
Completed in 4ms (View: 2, DB: 0) | 200 OK [http://localhost/flotomatic/options]


Processing FlotomaticController#options (for 127.0.0.1 at 2009-12-05 09:29:48) [GET]
Rendering flotomatic/options
DEPRECATION WARNING: The binding argument of #concat is no longer needed.  Please remove it from your views and helpers.. (called from flot_graph at /Users/mcowden/Development/flotomatic/examples/vendor/plugins/flotomatic/lib/flot_helper.rb:114)
Completed in 7ms (View: 6, DB: 0) | 200 OK [http://localhost/flotomatic/options]


Processing FlotomaticController#options (for 127.0.0.1 at 2009-12-05 09:30:12) [GET]
Rendering flotomatic/options
DEPRECATION WARNING: The binding argument of #concat is no longer needed.  Please remove it from your views and helpers.. (called from flot_graph at /Users/mcowden/Development/flotomatic/examples/vendor/plugins/flotomatic/lib/flot_helper.rb:114)
Completed in 9ms (View: 6, DB: 0) | 200 OK [http://localhost/flotomatic/options]


Processing FlotomaticController#options (for 127.0.0.1 at 2009-12-05 09:40:52) [GET]
Rendering flotomatic/options
DEPRECATION WARNING: The binding argument of #concat is no longer needed.  Please remove it from your views and helpers.. (called from flot_graph at /Users/mcowden/Development/flotomatic/examples/vendor/plugins/flotomatic/lib/flot_helper.rb:114)
Completed in 20ms (View: 18, DB: 0) | 200 OK [http://localhost/flotomatic/options]


Processing FlotomaticController#options (for 127.0.0.1 at 2009-12-05 09:41:03) [GET]
Rendering flotomatic/options
DEPRECATION WARNING: The binding argument of #concat is no longer needed.  Please remove it from your views and helpers.. (called from flot_graph at /Users/mcowden/Development/flotomatic/examples/vendor/plugins/flotomatic/lib/flot_helper.rb:114)
Completed in 7ms (View: 6, DB: 0) | 200 OK [http://localhost/flotomatic/options]


Processing FlotomaticController#options (for 127.0.0.1 at 2009-12-05 09:45:08) [GET]
Rendering flotomatic/options
DEPRECATION WARNING: The binding argument of #concat is no longer needed.  Please remove it from your views and helpers.. (called from flot_graph at /Users/mcowden/Development/flotomatic/examples/vendor/plugins/flotomatic/lib/flot_helper.rb:114)
Completed in 9ms (View: 7, DB: 0) | 200 OK [http://localhost/flotomatic/options]


Processing FlotomaticController#options (for 127.0.0.1 at 2009-12-05 09:47:19) [GET]
Rendering flotomatic/options
DEPRECATION WARNING: The binding argument of #concat is no longer needed.  Please remove it from your views and helpers.. (called from flot_graph at /Users/mcowden/Development/flotomatic/examples/vendor/plugins/flotomatic/lib/flot_helper.rb:114)
Completed in 16ms (View: 14, DB: 0) | 200 OK [http://localhost/flotomatic/options]


Processing FlotomaticController#options (for 127.0.0.1 at 2009-12-05 09:51:40) [GET]
Rendering flotomatic/options
DEPRECATION WARNING: The binding argument of #concat is no longer needed.  Please remove it from your views and helpers.. (called from flot_graph at /Users/mcowden/Development/flotomatic/examples/vendor/plugins/flotomatic/lib/flot_helper.rb:114)
Completed in 5ms (View: 3, DB: 0) | 200 OK [http://localhost/flotomatic/options]


Processing FlotomaticController#index (for 127.0.0.1 at 2009-12-05 09:59:48) [GET]
Rendering flotomatic/index
Completed in 9ms (View: 6, DB: 0) | 200 OK [http://localhost/flotomatic]


Processing FlotomaticController#basic (for 127.0.0.1 at 2009-12-05 09:59:50) [GET]

NoMethodError (undefined method `merge' for []:Array):
  app/controllers/flotomatic_controller.rb:4:in `basic'
  app/controllers/flotomatic_controller.rb:3:in `new'
  app/controllers/flotomatic_controller.rb:3:in `basic'
  /System/Library/Frameworks/Ruby.framework/Versions/1.8/usr/lib/ruby/1.8/webrick/httpserver.rb:104:in `service'
  /System/Library/Frameworks/Ruby.framework/Versions/1.8/usr/lib/ruby/1.8/webrick/httpserver.rb:65:in `run'
  /System/Library/Frameworks/Ruby.framework/Versions/1.8/usr/lib/ruby/1.8/webrick/server.rb:173:in `start_thread'
  /System/Library/Frameworks/Ruby.framework/Versions/1.8/usr/lib/ruby/1.8/webrick/server.rb:162:in `start'
  /System/Library/Frameworks/Ruby.framework/Versions/1.8/usr/lib/ruby/1.8/webrick/server.rb:162:in `start_thread'
  /System/Library/Frameworks/Ruby.framework/Versions/1.8/usr/lib/ruby/1.8/webrick/server.rb:95:in `start'
  /System/Library/Frameworks/Ruby.framework/Versions/1.8/usr/lib/ruby/1.8/webrick/server.rb:92:in `each'
  /System/Library/Frameworks/Ruby.framework/Versions/1.8/usr/lib/ruby/1.8/webrick/server.rb:92:in `start'
  /System/Library/Frameworks/Ruby.framework/Versions/1.8/usr/lib/ruby/1.8/webrick/server.rb:23:in `start'
  /System/Library/Frameworks/Ruby.framework/Versions/1.8/usr/lib/ruby/1.8/webrick/server.rb:82:in `start'

Rendered rescues/_trace (150.6ms)
Rendered rescues/_request_and_response (1.3ms)
Rendering rescues/layout (internal_server_error)


Processing FlotomaticController#graph_types (for 127.0.0.1 at 2009-12-05 10:01:08) [GET]
Rendering flotomatic/graph_types
DEPRECATION WARNING: The binding argument of #concat is no longer needed.  Please remove it from your views and helpers.. (called from flot_graph at /Users/mcowden/Development/flotomatic/examples/vendor/plugins/flotomatic/lib/flot_helper.rb:114)
Completed in 7ms (View: 6, DB: 0) | 200 OK [http://localhost/flotomatic/graph_types]


Processing FlotomaticController#options (for 127.0.0.1 at 2009-12-05 10:01:11) [GET]

NoMethodError (undefined method `merge' for [[:lines, {:show=>true}], [:points, {:show=>true}]]:Array):
  app/controllers/flotomatic_controller.rb:24:in `options'
  app/controllers/flotomatic_controller.rb:19:in `new'
  app/controllers/flotomatic_controller.rb:19:in `options'
  /System/Library/Frameworks/Ruby.framework/Versions/1.8/usr/lib/ruby/1.8/webrick/httpserver.rb:104:in `service'
  /System/Library/Frameworks/Ruby.framework/Versions/1.8/usr/lib/ruby/1.8/webrick/httpserver.rb:65:in `run'
  /System/Library/Frameworks/Ruby.framework/Versions/1.8/usr/lib/ruby/1.8/webrick/server.rb:173:in `start_thread'
  /System/Library/Frameworks/Ruby.framework/Versions/1.8/usr/lib/ruby/1.8/webrick/server.rb:162:in `start'
  /System/Library/Frameworks/Ruby.framework/Versions/1.8/usr/lib/ruby/1.8/webrick/server.rb:162:in `start_thread'
  /System/Library/Frameworks/Ruby.framework/Versions/1.8/usr/lib/ruby/1.8/webrick/server.rb:95:in `start'
  /System/Library/Frameworks/Ruby.framework/Versions/1.8/usr/lib/ruby/1.8/webrick/server.rb:92:in `each'
  /System/Library/Frameworks/Ruby.framework/Versions/1.8/usr/lib/ruby/1.8/webrick/server.rb:92:in `start'
  /System/Library/Frameworks/Ruby.framework/Versions/1.8/usr/lib/ruby/1.8/webrick/server.rb:23:in `start'
  /System/Library/Frameworks/Ruby.framework/Versions/1.8/usr/lib/ruby/1.8/webrick/server.rb:82:in `start'

Rendered rescues/_trace (55.9ms)
Rendered rescues/_request_and_response (0.3ms)
Rendering rescues/layout (internal_server_error)


Processing FlotomaticController#options (for 127.0.0.1 at 2009-12-05 10:01:34) [GET]

NoMethodError (undefined method `merge' for [[:lines, {:show=>true}], [:points, {:show=>true}]]:Array):
  app/controllers/flotomatic_controller.rb:24:in `options'
  app/controllers/flotomatic_controller.rb:19:in `new'
  app/controllers/flotomatic_controller.rb:19:in `options'
  /System/Library/Frameworks/Ruby.framework/Versions/1.8/usr/lib/ruby/1.8/webrick/httpserver.rb:104:in `service'
  /System/Library/Frameworks/Ruby.framework/Versions/1.8/usr/lib/ruby/1.8/webrick/httpserver.rb:65:in `run'
  /System/Library/Frameworks/Ruby.framework/Versions/1.8/usr/lib/ruby/1.8/webrick/server.rb:173:in `start_thread'
  /System/Library/Frameworks/Ruby.framework/Versions/1.8/usr/lib/ruby/1.8/webrick/server.rb:162:in `start'
  /System/Library/Frameworks/Ruby.framework/Versions/1.8/usr/lib/ruby/1.8/webrick/server.rb:162:in `start_thread'
  /System/Library/Frameworks/Ruby.framework/Versions/1.8/usr/lib/ruby/1.8/webrick/server.rb:95:in `start'
  /System/Library/Frameworks/Ruby.framework/Versions/1.8/usr/lib/ruby/1.8/webrick/server.rb:92:in `each'
  /System/Library/Frameworks/Ruby.framework/Versions/1.8/usr/lib/ruby/1.8/webrick/server.rb:92:in `start'
  /System/Library/Frameworks/Ruby.framework/Versions/1.8/usr/lib/ruby/1.8/webrick/server.rb:23:in `start'
  /System/Library/Frameworks/Ruby.framework/Versions/1.8/usr/lib/ruby/1.8/webrick/server.rb:82:in `start'

Rendered rescues/_trace (40.1ms)
Rendered rescues/_request_and_response (0.2ms)
Rendering rescues/layout (internal_server_error)


Processing FlotomaticController#options (for 127.0.0.1 at 2009-12-05 10:01:37) [GET]

NoMethodError (undefined method `merge' for [[:lines, {:show=>true}], [:points, {:show=>true}]]:Array):
  app/controllers/flotomatic_controller.rb:24:in `options'
  app/controllers/flotomatic_controller.rb:19:in `new'
  app/controllers/flotomatic_controller.rb:19:in `options'
  /System/Library/Frameworks/Ruby.framework/Versions/1.8/usr/lib/ruby/1.8/webrick/httpserver.rb:104:in `service'
  /System/Library/Frameworks/Ruby.framework/Versions/1.8/usr/lib/ruby/1.8/webrick/httpserver.rb:65:in `run'
  /System/Library/Frameworks/Ruby.framework/Versions/1.8/usr/lib/ruby/1.8/webrick/server.rb:173:in `start_thread'
  /System/Library/Frameworks/Ruby.framework/Versions/1.8/usr/lib/ruby/1.8/webrick/server.rb:162:in `start'
  /System/Library/Frameworks/Ruby.framework/Versions/1.8/usr/lib/ruby/1.8/webrick/server.rb:162:in `start_thread'
  /System/Library/Frameworks/Ruby.framework/Versions/1.8/usr/lib/ruby/1.8/webrick/server.rb:95:in `start'
  /System/Library/Frameworks/Ruby.framework/Versions/1.8/usr/lib/ruby/1.8/webrick/server.rb:92:in `each'
  /System/Library/Frameworks/Ruby.framework/Versions/1.8/usr/lib/ruby/1.8/webrick/server.rb:92:in `start'
  /System/Library/Frameworks/Ruby.framework/Versions/1.8/usr/lib/ruby/1.8/webrick/server.rb:23:in `start'
  /System/Library/Frameworks/Ruby.framework/Versions/1.8/usr/lib/ruby/1.8/webrick/server.rb:82:in `start'

Rendered rescues/_trace (33.6ms)
Rendered rescues/_request_and_response (0.3ms)
Rendering rescues/layout (internal_server_error)


Processing FlotomaticController#options (for 127.0.0.1 at 2009-12-05 10:01:43) [GET]

NoMethodError (undefined method `merge' for [[:lines, {:show=>true}], [:points, {:show=>true}]]:Array):
  app/controllers/flotomatic_controller.rb:24:in `options'
  app/controllers/flotomatic_controller.rb:19:in `new'
  app/controllers/flotomatic_controller.rb:19:in `options'
  /System/Library/Frameworks/Ruby.framework/Versions/1.8/usr/lib/ruby/1.8/webrick/httpserver.rb:104:in `service'
  /System/Library/Frameworks/Ruby.framework/Versions/1.8/usr/lib/ruby/1.8/webrick/httpserver.rb:65:in `run'
  /System/Library/Frameworks/Ruby.framework/Versions/1.8/usr/lib/ruby/1.8/webrick/server.rb:173:in `start_thread'
  /System/Library/Frameworks/Ruby.framework/Versions/1.8/usr/lib/ruby/1.8/webrick/server.rb:162:in `start'
  /System/Library/Frameworks/Ruby.framework/Versions/1.8/usr/lib/ruby/1.8/webrick/server.rb:162:in `start_thread'
  /System/Library/Frameworks/Ruby.framework/Versions/1.8/usr/lib/ruby/1.8/webrick/server.rb:95:in `start'
  /System/Library/Frameworks/Ruby.framework/Versions/1.8/usr/lib/ruby/1.8/webrick/server.rb:92:in `each'
  /System/Library/Frameworks/Ruby.framework/Versions/1.8/usr/lib/ruby/1.8/webrick/server.rb:92:in `start'
  /System/Library/Frameworks/Ruby.framework/Versions/1.8/usr/lib/ruby/1.8/webrick/server.rb:23:in `start'
  /System/Library/Frameworks/Ruby.framework/Versions/1.8/usr/lib/ruby/1.8/webrick/server.rb:82:in `start'

Rendered rescues/_trace (118.4ms)
Rendered rescues/_request_and_response (0.3ms)
Rendering rescues/layout (internal_server_error)


Processing FlotomaticController#options (for 127.0.0.1 at 2009-12-05 10:02:06) [GET]

NoMethodError (undefined method `merge' for [[:lines, {:show=>true}], [:points, {:show=>true}]]:Array):
  app/controllers/flotomatic_controller.rb:24:in `options'
  app/controllers/flotomatic_controller.rb:19:in `new'
  app/controllers/flotomatic_controller.rb:19:in `options'
  /System/Library/Frameworks/Ruby.framework/Versions/1.8/usr/lib/ruby/1.8/webrick/httpserver.rb:104:in `service'
  /System/Library/Frameworks/Ruby.framework/Versions/1.8/usr/lib/ruby/1.8/webrick/httpserver.rb:65:in `run'
  /System/Library/Frameworks/Ruby.framework/Versions/1.8/usr/lib/ruby/1.8/webrick/server.rb:173:in `start_thread'
  /System/Library/Frameworks/Ruby.framework/Versions/1.8/usr/lib/ruby/1.8/webrick/server.rb:162:in `start'
  /System/Library/Frameworks/Ruby.framework/Versions/1.8/usr/lib/ruby/1.8/webrick/server.rb:162:in `start_thread'
  /System/Library/Frameworks/Ruby.framework/Versions/1.8/usr/lib/ruby/1.8/webrick/server.rb:95:in `start'
  /System/Library/Frameworks/Ruby.framework/Versions/1.8/usr/lib/ruby/1.8/webrick/server.rb:92:in `each'
  /System/Library/Frameworks/Ruby.framework/Versions/1.8/usr/lib/ruby/1.8/webrick/server.rb:92:in `start'
  /System/Library/Frameworks/Ruby.framework/Versions/1.8/usr/lib/ruby/1.8/webrick/server.rb:23:in `start'
  /System/Library/Frameworks/Ruby.framework/Versions/1.8/usr/lib/ruby/1.8/webrick/server.rb:82:in `start'

Rendered rescues/_trace (32.0ms)
Rendered rescues/_request_and_response (0.3ms)
Rendering rescues/layout (internal_server_error)


Processing FlotomaticController#options (for 127.0.0.1 at 2009-12-05 10:04:05) [GET]

NoMethodError (undefined method `merge' for [[:lines, {:show=>true}], [:points, {:show=>true}]]:Array):
  app/controllers/flotomatic_controller.rb:24:in `options'
  app/controllers/flotomatic_controller.rb:19:in `new'
  app/controllers/flotomatic_controller.rb:19:in `options'
  /System/Library/Frameworks/Ruby.framework/Versions/1.8/usr/lib/ruby/1.8/webrick/httpserver.rb:104:in `service'
  /System/Library/Frameworks/Ruby.framework/Versions/1.8/usr/lib/ruby/1.8/webrick/httpserver.rb:65:in `run'
  /System/Library/Frameworks/Ruby.framework/Versions/1.8/usr/lib/ruby/1.8/webrick/server.rb:173:in `start_thread'
  /System/Library/Frameworks/Ruby.framework/Versions/1.8/usr/lib/ruby/1.8/webrick/server.rb:162:in `start'
  /System/Library/Frameworks/Ruby.framework/Versions/1.8/usr/lib/ruby/1.8/webrick/server.rb:162:in `start_thread'
  /System/Library/Frameworks/Ruby.framework/Versions/1.8/usr/lib/ruby/1.8/webrick/server.rb:95:in `start'
  /System/Library/Frameworks/Ruby.framework/Versions/1.8/usr/lib/ruby/1.8/webrick/server.rb:92:in `each'
  /System/Library/Frameworks/Ruby.framework/Versions/1.8/usr/lib/ruby/1.8/webrick/server.rb:92:in `start'
  /System/Library/Frameworks/Ruby.framework/Versions/1.8/usr/lib/ruby/1.8/webrick/server.rb:23:in `start'
  /System/Library/Frameworks/Ruby.framework/Versions/1.8/usr/lib/ruby/1.8/webrick/server.rb:82:in `start'

Rendered rescues/_trace (56.2ms)
Rendered rescues/_request_and_response (0.3ms)
Rendering rescues/layout (internal_server_error)


Processing FlotomaticController#options (for 127.0.0.1 at 2009-12-05 10:04:11) [GET]

NoMethodError (undefined method `merge' for [[:lines, {:show=>true}], [:points, {:show=>true}]]:Array):
  app/controllers/flotomatic_controller.rb:24:in `options'
  app/controllers/flotomatic_controller.rb:19:in `new'
  app/controllers/flotomatic_controller.rb:19:in `options'
  /System/Library/Frameworks/Ruby.framework/Versions/1.8/usr/lib/ruby/1.8/webrick/httpserver.rb:104:in `service'
  /System/Library/Frameworks/Ruby.framework/Versions/1.8/usr/lib/ruby/1.8/webrick/httpserver.rb:65:in `run'
  /System/Library/Frameworks/Ruby.framework/Versions/1.8/usr/lib/ruby/1.8/webrick/server.rb:173:in `start_thread'
  /System/Library/Frameworks/Ruby.framework/Versions/1.8/usr/lib/ruby/1.8/webrick/server.rb:162:in `start'
  /System/Library/Frameworks/Ruby.framework/Versions/1.8/usr/lib/ruby/1.8/webrick/server.rb:162:in `start_thread'
  /System/Library/Frameworks/Ruby.framework/Versions/1.8/usr/lib/ruby/1.8/webrick/server.rb:95:in `start'
  /System/Library/Frameworks/Ruby.framework/Versions/1.8/usr/lib/ruby/1.8/webrick/server.rb:92:in `each'
  /System/Library/Frameworks/Ruby.framework/Versions/1.8/usr/lib/ruby/1.8/webrick/server.rb:92:in `start'
  /System/Library/Frameworks/Ruby.framework/Versions/1.8/usr/lib/ruby/1.8/webrick/server.rb:23:in `start'
  /System/Library/Frameworks/Ruby.framework/Versions/1.8/usr/lib/ruby/1.8/webrick/server.rb:82:in `start'

Rendered rescues/_trace (34.0ms)
Rendered rescues/_request_and_response (2.4ms)
Rendering rescues/layout (internal_server_error)


Processing FlotomaticController#options (for 127.0.0.1 at 2009-12-05 10:05:18) [GET]

TypeError (exception class/object expected):
  app/controllers/flotomatic_controller.rb:24:in `options'
  app/controllers/flotomatic_controller.rb:19:in `new'
  app/controllers/flotomatic_controller.rb:19:in `options'
  /System/Library/Frameworks/Ruby.framework/Versions/1.8/usr/lib/ruby/1.8/webrick/httpserver.rb:104:in `service'
  /System/Library/Frameworks/Ruby.framework/Versions/1.8/usr/lib/ruby/1.8/webrick/httpserver.rb:65:in `run'
  /System/Library/Frameworks/Ruby.framework/Versions/1.8/usr/lib/ruby/1.8/webrick/server.rb:173:in `start_thread'
  /System/Library/Frameworks/Ruby.framework/Versions/1.8/usr/lib/ruby/1.8/webrick/server.rb:162:in `start'
  /System/Library/Frameworks/Ruby.framework/Versions/1.8/usr/lib/ruby/1.8/webrick/server.rb:162:in `start_thread'
  /System/Library/Frameworks/Ruby.framework/Versions/1.8/usr/lib/ruby/1.8/webrick/server.rb:95:in `start'
  /System/Library/Frameworks/Ruby.framework/Versions/1.8/usr/lib/ruby/1.8/webrick/server.rb:92:in `each'
  /System/Library/Frameworks/Ruby.framework/Versions/1.8/usr/lib/ruby/1.8/webrick/server.rb:92:in `start'
  /System/Library/Frameworks/Ruby.framework/Versions/1.8/usr/lib/ruby/1.8/webrick/server.rb:23:in `start'
  /System/Library/Frameworks/Ruby.framework/Versions/1.8/usr/lib/ruby/1.8/webrick/server.rb:82:in `start'

Rendered rescues/_trace (107.2ms)
Rendered rescues/_request_and_response (1.1ms)
Rendering rescues/layout (internal_server_error)


Processing FlotomaticController#options (for 127.0.0.1 at 2009-12-05 10:05:26) [GET]

TypeError (exception class/object expected):
  app/controllers/flotomatic_controller.rb:24:in `options'
  app/controllers/flotomatic_controller.rb:19:in `new'
  app/controllers/flotomatic_controller.rb:19:in `options'
  /System/Library/Frameworks/Ruby.framework/Versions/1.8/usr/lib/ruby/1.8/webrick/httpserver.rb:104:in `service'
  /System/Library/Frameworks/Ruby.framework/Versions/1.8/usr/lib/ruby/1.8/webrick/httpserver.rb:65:in `run'
  /System/Library/Frameworks/Ruby.framework/Versions/1.8/usr/lib/ruby/1.8/webrick/server.rb:173:in `start_thread'
  /System/Library/Frameworks/Ruby.framework/Versions/1.8/usr/lib/ruby/1.8/webrick/server.rb:162:in `start'
  /System/Library/Frameworks/Ruby.framework/Versions/1.8/usr/lib/ruby/1.8/webrick/server.rb:162:in `start_thread'
  /System/Library/Frameworks/Ruby.framework/Versions/1.8/usr/lib/ruby/1.8/webrick/server.rb:95:in `start'
  /System/Library/Frameworks/Ruby.framework/Versions/1.8/usr/lib/ruby/1.8/webrick/server.rb:92:in `each'
  /System/Library/Frameworks/Ruby.framework/Versions/1.8/usr/lib/ruby/1.8/webrick/server.rb:92:in `start'
  /System/Library/Frameworks/Ruby.framework/Versions/1.8/usr/lib/ruby/1.8/webrick/server.rb:23:in `start'
  /System/Library/Frameworks/Ruby.framework/Versions/1.8/usr/lib/ruby/1.8/webrick/server.rb:82:in `start'

Rendered rescues/_trace (41.5ms)
Rendered rescues/_request_and_response (0.3ms)
Rendering rescues/layout (internal_server_error)


Processing FlotomaticController#options (for 127.0.0.1 at 2009-12-05 10:05:35) [GET]
Rendering flotomatic/options
DEPRECATION WARNING: The binding argument of #concat is no longer needed.  Please remove it from your views and helpers.. (called from flot_graph at /Users/mcowden/Development/flotomatic/examples/vendor/plugins/flotomatic/lib/flot_helper.rb:114)
Completed in 14ms (View: 13, DB: 0) | 200 OK [http://localhost/flotomatic/options]


Processing FlotomaticController#index (for 127.0.0.1 at 2009-12-05 10:08:16) [GET]
Rendering flotomatic/index
Completed in 8ms (View: 7, DB: 0) | 200 OK [http://localhost/flotomatic]


Processing FlotomaticController#basic (for 127.0.0.1 at 2009-12-05 10:08:18) [GET]
Rendering flotomatic/basic
DEPRECATION WARNING: The binding argument of #concat is no longer needed.  Please remove it from your views and helpers.. (called from flot_graph at /Users/mcowden/Development/flotomatic/examples/vendor/plugins/flotomatic/lib/flot_helper.rb:114)
Completed in 13ms (View: 12, DB: 0) | 200 OK [http://localhost/flotomatic/basic]


Processing FlotomaticController#graph_types (for 127.0.0.1 at 2009-12-05 10:08:20) [GET]
Rendering flotomatic/graph_types
DEPRECATION WARNING: The binding argument of #concat is no longer needed.  Please remove it from your views and helpers.. (called from flot_graph at /Users/mcowden/Development/flotomatic/examples/vendor/plugins/flotomatic/lib/flot_helper.rb:114)
Completed in 7ms (View: 6, DB: 0) | 200 OK [http://localhost/flotomatic/graph_types]


Processing FlotomaticController#basic (for 127.0.0.1 at 2009-12-05 10:08:26) [GET]
Rendering flotomatic/basic
DEPRECATION WARNING: The binding argument of #concat is no longer needed.  Please remove it from your views and helpers.. (called from flot_graph at /Users/mcowden/Development/flotomatic/examples/vendor/plugins/flotomatic/lib/flot_helper.rb:114)
Completed in 5ms (View: 3, DB: 0) | 200 OK [http://localhost/flotomatic/basic]


Processing FlotomaticController#basic (for 127.0.0.1 at 2009-12-05 10:08:26) [GET]
Rendering flotomatic/basic
DEPRECATION WARNING: The binding argument of #concat is no longer needed.  Please remove it from your views and helpers.. (called from flot_graph at /Users/mcowden/Development/flotomatic/examples/vendor/plugins/flotomatic/lib/flot_helper.rb:114)
Completed in 4ms (View: 3, DB: 0) | 200 OK [http://localhost/flotomatic/basic]


Processing FlotomaticController#options (for 127.0.0.1 at 2009-12-05 10:08:28) [GET]
Rendering flotomatic/options
DEPRECATION WARNING: The binding argument of #concat is no longer needed.  Please remove it from your views and helpers.. (called from flot_graph at /Users/mcowden/Development/flotomatic/examples/vendor/plugins/flotomatic/lib/flot_helper.rb:114)
Completed in 6ms (View: 5, DB: 0) | 200 OK [http://localhost/flotomatic/options]
